<?xml version="1.0" encoding="UTF-8"?>
<testsuite name="com.manish.TestCases" tests="1" skipped="0" failures="0" errors="0" timestamp="2020-09-20T21:03:46" hostname="MANISH-TI9721" time="1.374">
  <properties/>
  <testcase name="responseNotEquals" classname="com.manish.TestCases" time="1.374"/>
  <system-out><![CDATA[https://reqres.in/api/users/5 not equals https://reqres.in/api/users/7
]]></system-out>
  <system-err><![CDATA[]]></system-err>
</testsuite>
